2016-10-21T10:50:53+00:00 phyFLEX-i WGSSec[281]: External Client connected with Clientfd Value = 5
2016-10-21T10:50:53+00:00 phyFLEX-i WGSSec[281]: External Client IP Address = 192.168.3.2
2016-10-21T10:50:53+00:00 phyFLEX-i WGSSec[281]: externalSocketMsgHandler Thread Initialized
2016-10-21T10:50:53+00:00 phyFLEX-i WGSSec[281]:  calling FD_ISSET 
2016-10-21T10:50:53+00:00 phyFLEX-i WGSSec[281]: recvFromExternalSocketInterface called with recvFd = 5 
2016-10-21T10:50:53+00:00 phyFLEX-i WGSSec[281]: Client Message received MsgType = 101
2016-10-21T10:50:53+00:00 phyFLEX-i WGSSec[281]: VERSION  = 4.096000
2016-10-21T10:50:53+00:00 phyFLEX-i WGSSec[281]:  Feature Status (1f) , Minor Version = 0
2016-10-21T10:50:53+00:00 phyFLEX-i WGSSec[281]: Client Message sent MsgType = 102
2016-10-21T10:50:54+00:00 phyFLEX-i WGSSec[281]:  calling FD_ISSET 
2016-10-21T10:50:54+00:00 phyFLEX-i WGSSec[281]: recvFromExternalSocketInterface called with recvFd = 5 
2016-10-21T10:50:54+00:00 phyFLEX-i WGSSec[281]: Client Message received MsgType = 803
2016-10-21T10:51:04+00:00 phyFLEX-i WGSSec[281]:  WEXITSTATUS is 0 
2016-10-21T10:51:14+00:00 phyFLEX-i WGSSec[281]:  WEXITSTATUS is 0 
2016-10-21T10:51:24+00:00 phyFLEX-i WGSSec[281]:  WEXITSTATUS is 0 
2016-10-21T10:51:34+00:00 phyFLEX-i WGSSec[281]:  WEXITSTATUS is 0 
2016-10-21T10:51:44+00:00 phyFLEX-i WGSSec[281]:  WEXITSTATUS is 0 
2016-10-21T10:51:46+00:00 phyFLEX-i WGSSec[281]:  calling FD_ISSET 
2016-10-21T10:51:46+00:00 phyFLEX-i WGSSec[281]: recvFromExternalSocketInterface called with recvFd = 5 
2016-10-21T10:51:46+00:00 phyFLEX-i WGSSec[281]: Client Message received MsgType = 101
2016-10-21T10:51:46+00:00 phyFLEX-i WGSSec[281]: VERSION  = 4.096000
2016-10-21T10:51:46+00:00 phyFLEX-i WGSSec[281]:  Feature Status (1f) , Minor Version = 0
2016-10-21T10:51:46+00:00 phyFLEX-i WGSSec[281]: Client Message sent MsgType = 102
2016-10-21T10:51:46+00:00 phyFLEX-i WGSSec[281]:  calling FD_ISSET 
2016-10-21T10:51:46+00:00 phyFLEX-i WGSSec[281]: recvFromExternalSocketInterface called with recvFd = 5 
2016-10-21T10:51:46+00:00 phyFLEX-i WGSSec[281]: Client Message received MsgType = 115
2016-10-21T10:51:46+00:00 phyFLEX-i WGSSec[281]: Client Message sent MsgType = 116
2016-10-21T10:51:46+00:00 phyFLEX-i WGSSec[281]:  calling FD_ISSET 
2016-10-21T10:51:46+00:00 phyFLEX-i WGSSec[281]: recvFromExternalSocketInterface called with recvFd = 5 
2016-10-21T10:51:46+00:00 phyFLEX-i WGSSec[281]: Client Message received MsgType = 103
2016-10-21T10:51:46+00:00 phyFLEX-i WGSSec[281]: =========================== IDENTITY LIST CONFIGURATION ===========================
2016-10-21T10:51:46+00:00 phyFLEX-i WGSSec[281]: DEFAULT CONFIG = WHITELIST
2016-10-21T10:51:46+00:00 phyFLEX-i WGSSec[281]: NUM-OF-IDS = 0
2016-10-21T10:51:46+00:00 phyFLEX-i WGSSec[281]: Client Message sent MsgType = 104
2016-10-21T10:51:46+00:00 phyFLEX-i WGSSec[281]:  calling FD_ISSET 
2016-10-21T10:51:46+00:00 phyFLEX-i WGSSec[281]: recvFromExternalSocketInterface called with recvFd = 5 
2016-10-21T10:51:46+00:00 phyFLEX-i WGSSec[281]: Client Message received MsgType = 105
2016-10-21T10:51:46+00:00 phyFLEX-i WGSSec[281]: Board DSP Type = 1 
2016-10-21T10:51:46+00:00 phyFLEX-i WGSSec[281]: Board DSP Type = 1 
2016-10-21T10:51:46+00:00 phyFLEX-i WGSSec[281]: Board DSP Type = 1 
2016-10-21T10:51:46+00:00 phyFLEX-i WGSSec[281]: Board DSP Type = 1 
2016-10-21T10:51:46+00:00 phyFLEX-i WGSSec[281]: Board DSP Type = 1 
2016-10-21T10:51:46+00:00 phyFLEX-i WGSSec[281]: Board DSP Type = 1 
2016-10-21T10:51:49+00:00 phyFLEX-i WGSSec[281]: Board DSP Type = 1 
2016-10-21T10:51:49+00:00 phyFLEX-i WGSSec[281]: Board DSP Type = 1 
2016-10-21T10:51:49+00:00 phyFLEX-i WGSSec[281]: Board DSP Type = 1 
2016-10-21T10:51:49+00:00 phyFLEX-i WGSSec[281]: Board DSP Type = 1 
2016-10-21T10:51:49+00:00 phyFLEX-i WGSSec[281]: Board DSP Type = 1 
2016-10-21T10:51:49+00:00 phyFLEX-i WGSSec[281]: Board DSP Type = 1 
2016-10-21T10:51:49+00:00 phyFLEX-i WGSSec[281]: Board DSP Type = 1 
2016-10-21T10:51:49+00:00 phyFLEX-i WGSSec[281]: Board DSP Type = 1 
2016-10-21T10:51:55+00:00 phyFLEX-i WGSSec[281]: Board DSP Type = 1 
2016-10-21T10:52:01+00:00 phyFLEX-i WGSSec[281]: Boot L1 cmd received with dspType = 1 , imageType = 1 , result = 0 
2016-10-21T10:52:01+00:00 phyFLEX-i WGSSec[281]: Client Message sent MsgType = 106
2016-10-21T10:52:01+00:00 phyFLEX-i WGSSec[281]:  calling FD_ISSET 
2016-10-21T10:52:01+00:00 phyFLEX-i WGSSec[281]: recvFromExternalSocketInterface called with recvFd = 5 
2016-10-21T10:52:01+00:00 phyFLEX-i WGSSec[281]: Client Message received MsgType = 201
2016-10-21T10:52:01+00:00 phyFLEX-i WGSSec[281]: 2G_CONFIGURE_IDCATCHER_PARAMS_CMD Received :
2016-10-21T10:52:01+00:00 phyFLEX-i WGSSec[281]: ARFCN = 512, BAND = Gsm DCS 1800
2016-10-21T10:52:01+00:00 phyFLEX-i WGSSec[281]: PLMN-MCC: Length = 3, Mcc-1 = 4 , Mcc-2 = 2 , Mcc-3 = 5
2016-10-21T10:52:01+00:00 phyFLEX-i WGSSec[281]: PLMN-MNC: Length = 2 ,Mnc-1 = 0 , Mnc-2 = 2 , Mnc-3 = 0
2016-10-21T10:52:01+00:00 phyFLEX-i WGSSec[281]: AUTO_CONFIG = 0
2016-10-21T10:52:01+00:00 phyFLEX-i WGSSec[281]: NCC: 0, BCC: 4, LAC: 19315, CELL-ID: 7611
2016-10-21T10:52:01+00:00 phyFLEX-i WGSSec[281]: DEFAULT_REJ_CAUSE_CONTROL: TO BE CHANGED = 1, DEFAULT_REJ_CAUSE = 15
2016-10-21T10:52:01+00:00 phyFLEX-i WGSSec[281]: RX_GAIN = 60, TX_ATTN = 0
2016-10-21T10:52:01+00:00 phyFLEX-i WGSSec[281]: TA_FILTER = 60 
2016-10-21T10:52:01+00:00 phyFLEX-i WGSSec[281]: ############################################################################
2016-10-21T10:52:01+00:00 phyFLEX-i WGSSec[281]: *
2016-10-21T10:52:01+00:00 phyFLEX-i WGSSec[281]: *                             gsmIDCatcher
2016-10-21T10:52:01+00:00 phyFLEX-i WGSSec[281]: *
2016-10-21T10:52:01+00:00 phyFLEX-i WGSSec[281]: ############################################################################
2016-10-21T10:52:01+00:00 phyFLEX-i WGSSec[281]: Emergencyredirectenable received = 0 , ncc = 6,bcc=5 , bandIndicator = 0,arfcn=51 
2016-10-21T10:52:01+00:00 phyFLEX-i WGSSec[281]: Auto-configuration = 0
2016-10-21T10:52:01+00:00 phyFLEX-i WGSSec[281]: Board DSP Type = 1 
2016-10-21T10:52:01+00:00 phyFLEX-i WGSSec[281]: Configure CellAntennaPA Mode = i , Band = 3 , DspType = 2 
2016-10-21T10:52:01+00:00 phyFLEX-i WGSSec[281]: dataIndMsgHandler Thread Initialized
2016-10-21T10:52:01+00:00 phyFLEX-i WGSSec[281]: Loading CellAntenna PA Configuration for ID Catcher Success
2016-10-21T10:52:01+00:00 phyFLEX-i WGSSec[281]: Client Message sent MsgType = 202
2016-10-21T10:52:01+00:00 phyFLEX-i WGSSec[281]:  calling FD_ISSET 
2016-10-21T10:52:01+00:00 phyFLEX-i WGSSec[281]: recvFromExternalSocketInterface called with recvFd = 5 
2016-10-21T10:52:01+00:00 phyFLEX-i WGSSec[281]: Client Message received MsgType = 203
2016-10-21T10:52:01+00:00 phyFLEX-i WGSSec[281]: System Information Buffers Updated...
2016-10-21T10:52:01+00:00 phyFLEX-i WGSSec[281]: SI-1     = 5506198B000000000000000000000000000000F900002B
2016-10-21T10:52:01+00:00 phyFLEX-i WGSSec[281]: SI-2     = 59061A00000000000000000000000000000000FFF90000
2016-10-21T10:52:01+00:00 phyFLEX-i WGSSec[281]: SI-2q[0] = 59060720001000448BAE834000032B2B2B2B2B2B2B2B2B
2016-10-21T10:52:01+00:00 phyFLEX-i WGSSec[281]: SI-3     = 59061B1DBB24F5204B7348030127E040F90000A0002880
2016-10-21T10:52:01+00:00 phyFLEX-i WGSSec[281]: SI-4     = 65061C24F5204B73E040F90000A0002B2B2B2B2B2B2B2B
2016-10-21T10:52:01+00:00 phyFLEX-i WGSSec[281]: Client Message sent MsgType = 204
2016-10-21T10:52:01+00:00 phyFLEX-i WGSSec[281]: Close all TRX ...
2016-10-21T10:52:01+00:00 phyFLEX-i WGSSec[281]: Done, closed (0) TRX
2016-10-21T10:52:01+00:00 phyFLEX-i WGSSec[281]: Open TRX with Gain = 60 , Attenuation = 0...
2016-10-21T10:52:01+00:00 phyFLEX-i WGSSec[281]: Board DSP Type = 1 
2016-10-21T10:52:02+00:00 phyFLEX-i WGSSec[281]: Enable event reception ...
2016-10-21T10:52:02+00:00 phyFLEX-i WGSSec[281]: Received GSM_MSG_TRX_OPEN_RSP for TRX 0
2016-10-21T10:52:02+00:00 phyFLEX-i WGSSec[281]: Activate physical channel Tslot(0)...
2016-10-21T10:52:02+00:00 phyFLEX-i WGSSec[281]: Activate physical channel Tslot(1)...
2016-10-21T10:52:02+00:00 phyFLEX-i WGSSec[281]: Activate physical channel Tslot(2)...
2016-10-21T10:52:02+00:00 phyFLEX-i WGSSec[281]: Activate physical channel Tslot(3)...
2016-10-21T10:52:02+00:00 phyFLEX-i WGSSec[281]: Activate physical channel Tslot(4)...
2016-10-21T10:52:02+00:00 phyFLEX-i WGSSec[281]: Activate physical channel Tslot(5)...
2016-10-21T10:52:02+00:00 phyFLEX-i WGSSec[281]: Activate physical channel Tslot(6)...
2016-10-21T10:52:02+00:00 phyFLEX-i WGSSec[281]: Activate physical channel Tslot(7)...
2016-10-21T10:52:02+00:00 phyFLEX-i WGSSec[281]: All Logical Channels are Activated for the CCCH  
2016-10-21T10:52:11+00:00 phyFLEX-i WGSSec[281]:  WEXITSTATUS is 0 
2016-10-21T10:52:12+00:00 phyFLEX-i WGSSec[281]:  calling FD_ISSET 
2016-10-21T10:52:12+00:00 phyFLEX-i WGSSec[281]: recvFromExternalSocketInterface called with recvFd = 5 
2016-10-21T10:52:12+00:00 phyFLEX-i WGSSec[281]: Client Message received MsgType = 103
2016-10-21T10:52:12+00:00 phyFLEX-i WGSSec[281]: =========================== IDENTITY LIST CONFIGURATION ===========================
2016-10-21T10:52:12+00:00 phyFLEX-i WGSSec[281]: DEFAULT CONFIG = WHITELIST
2016-10-21T10:52:12+00:00 phyFLEX-i WGSSec[281]: NUM-OF-IDS = 10
2016-10-21T10:52:12+00:00 phyFLEX-i WGSSec[281]: 1 : IDENTITY = 425010802764942, ID-TYPE = IMSI, LIST-TYPE = BLACKLIST, REJ-CAUSE = 1
2016-10-21T10:52:12+00:00 phyFLEX-i WGSSec[281]: 2 : IDENTITY = 425010707565183, ID-TYPE = IMSI, LIST-TYPE = BLACKLIST, REJ-CAUSE = 1
2016-10-21T10:52:12+00:00 phyFLEX-i WGSSec[281]: 3 : IDENTITY = 425071046821339, ID-TYPE = IMSI, LIST-TYPE = BLACKLIST, REJ-CAUSE = 0
2016-10-21T10:52:12+00:00 phyFLEX-i WGSSec[281]: 4 : IDENTITY = 353801062142678, ID-TYPE = IMEI, LIST-TYPE = BLACKLIST, REJ-CAUSE = 0
2016-10-21T10:52:12+00:00 phyFLEX-i WGSSec[281]: 5 : IDENTITY = 425030004938426, ID-TYPE = IMSI, LIST-TYPE = BLACKLIST, REJ-CAUSE = 0
2016-10-21T10:52:12+00:00 phyFLEX-i WGSSec[281]: 6 : IDENTITY = 354201060263882, ID-TYPE = IMEI, LIST-TYPE = BLACKLIST, REJ-CAUSE = 0
2016-10-21T10:52:12+00:00 phyFLEX-i WGSSec[281]: 7 : IDENTITY = 425020376160363, ID-TYPE = IMSI, LIST-TYPE = BLACKLIST, REJ-CAUSE = 0
2016-10-21T10:52:12+00:00 phyFLEX-i WGSSec[281]: 8 : IDENTITY = 352438111211088, ID-TYPE = IMEI, LIST-TYPE = BLACKLIST, REJ-CAUSE = 0
2016-10-21T10:52:12+00:00 phyFLEX-i WGSSec[281]: 9 : IDENTITY = 425010772860960, ID-TYPE = IMSI, LIST-TYPE = BLACKLIST, REJ-CAUSE = 0
2016-10-21T10:52:12+00:00 phyFLEX-i WGSSec[281]: 10 : IDENTITY = 425010707565176, ID-TYPE = IMSI, LIST-TYPE = BLACKLIST, REJ-CAUSE = 0
2016-10-21T10:52:12+00:00 phyFLEX-i WGSSec[281]: Client Message sent MsgType = 104
2016-10-21T10:52:13+00:00 phyFLEX-i WGSSec[281]:  calling FD_ISSET 
2016-10-21T10:52:13+00:00 phyFLEX-i WGSSec[281]: recvFromExternalSocketInterface called with recvFd = 5 
2016-10-21T10:52:13+00:00 phyFLEX-i WGSSec[281]: Client Message received MsgType = 103
2016-10-21T10:52:13+00:00 phyFLEX-i WGSSec[281]: =========================== IDENTITY LIST CONFIGURATION ===========================
2016-10-21T10:52:13+00:00 phyFLEX-i WGSSec[281]: DEFAULT CONFIG = WHITELIST
2016-10-21T10:52:13+00:00 phyFLEX-i WGSSec[281]: NUM-OF-IDS = 4
2016-10-21T10:52:13+00:00 phyFLEX-i WGSSec[281]: 1 : IDENTITY = 425020190515128, ID-TYPE = IMSI, LIST-TYPE = BLACKLIST, REJ-CAUSE = 0
2016-10-21T10:52:13+00:00 phyFLEX-i WGSSec[281]: 2 : IDENTITY = 425020847378985, ID-TYPE = IMSI, LIST-TYPE = BLACKLIST, REJ-CAUSE = 0
2016-10-21T10:52:13+00:00 phyFLEX-i WGSSec[281]: 3 : IDENTITY = 354663100371670, ID-TYPE = IMEI, LIST-TYPE = BLACKLIST, REJ-CAUSE = 0
2016-10-21T10:52:13+00:00 phyFLEX-i WGSSec[281]: 4 : IDENTITY = 425010291828123, ID-TYPE = IMSI, LIST-TYPE = BLACKLIST, REJ-CAUSE = 0
2016-10-21T10:52:13+00:00 phyFLEX-i WGSSec[281]: Client Message sent MsgType = 104
2016-10-21T10:52:15+00:00 phyFLEX-i WGSSec[281]:  calling FD_ISSET 
2016-10-21T10:52:15+00:00 phyFLEX-i WGSSec[281]: recvFromExternalSocketInterface called with recvFd = 5 
2016-10-21T10:52:15+00:00 phyFLEX-i WGSSec[281]: Client Message received MsgType = 235
2016-10-21T10:52:15+00:00 phyFLEX-i WGSSec[281]: ** 2G_SYS_INFO_MODIFY_CMD Received : ** 
2016-10-21T10:52:15+00:00 phyFLEX-i WGSSec[281]: ** CELL-ID = -1, LAC = -1 **
2016-10-21T10:52:15+00:00 phyFLEX-i WGSSec[281]: ** RX_LEV_ACC_MIN = -1, CELL_RESEL_HYST = -1, MS_TX_PWR_MAX_CCCH = -1 ** 
2016-10-21T10:52:15+00:00 phyFLEX-i WGSSec[281]: ** CBQ = -1, CRO = 45, TEMP_OFFSET = -1, PENALTY_TIME = -1 ** 
2016-10-21T10:52:15+00:00 phyFLEX-i WGSSec[281]: ** Access-Class-List = -1 **
2016-10-21T10:52:15+00:00 phyFLEX-i WGSSec[281]: ** Cell-Barred = -1 **
2016-10-21T10:52:15+00:00 phyFLEX-i WGSSec[281]: ** No-Of-Neighbours    = 0: ** 
2016-10-21T10:52:15+00:00 phyFLEX-i WGSSec[281]: ** T3212     = -1: ** 
2016-10-21T10:52:15+00:00 phyFLEX-i WGSSec[281]: ** InterRat Neighbour Info Present = -1: **
2016-10-21T10:52:15+00:00 phyFLEX-i WGSSec[281]: ** ServCell Prio Params: Present = 0
2016-10-21T10:52:15+00:00 phyFLEX-i WGSSec[281]: ** ServCell Prio Params: Geran Priority = 0
2016-10-21T10:52:15+00:00 phyFLEX-i WGSSec[281]: ** ServCell Prio Params: Thresh Prio Search = 0
2016-10-21T10:52:15+00:00 phyFLEX-i WGSSec[281]: ** ServCell Prio Params: Thresh GSM low = 0
2016-10-21T10:52:15+00:00 phyFLEX-i WGSSec[281]: ** ServCell Prio Params: H-Prio = 0
2016-10-21T10:52:15+00:00 phyFLEX-i WGSSec[281]: ** ServCell Prio Params: T-Reslection = 0
2016-10-21T10:52:15+00:00 phyFLEX-i WGSSec[281]: ** 3G Meas Params: QSearch_I = 0 **
2016-10-21T10:52:15+00:00 phyFLEX-i WGSSec[281]: ** 3G Meas Params: qSearchCInit = 0 **
2016-10-21T10:52:15+00:00 phyFLEX-i WGSSec[281]: ** 3G Meas Params: fddParamsPresent = 0 **
2016-10-21T10:52:15+00:00 phyFLEX-i WGSSec[281]: ** 3G Default Prio Params: priorityParamsPresent = 0 **
2016-10-21T10:52:15+00:00 phyFLEX-i WGSSec[281]: ** 3G Neighbor Info: No Of FDD UARFCNS = 0 **
2016-10-21T10:52:15+00:00 phyFLEX-i WGSSec[281]: ** 4G Neighbor Info: No Of EARFCNS = 0 **
2016-10-21T10:52:15+00:00 phyFLEX-i WGSSec[281]: ** No-Of-Hopping Freqs = 0: ** 
2016-10-21T10:52:15+00:00 phyFLEX-i WGSSec[281]: System Information Buffers Updated...
2016-10-21T10:52:15+00:00 phyFLEX-i WGSSec[281]: SI-1     = 5506198B000000000000000000000000000000F900002B
2016-10-21T10:52:15+00:00 phyFLEX-i WGSSec[281]: SI-2     = 59061A00000000000000000000000000000000FFF90000
2016-10-21T10:52:15+00:00 phyFLEX-i WGSSec[281]: SI-2q[0] = 59060720001000448BAE834000032B2B2B2B2B2B2B2B2B
2016-10-21T10:52:15+00:00 phyFLEX-i WGSSec[281]: SI-3     = 59061B1DBB24F5204B7348030127E040F90000AD002880
2016-10-21T10:52:15+00:00 phyFLEX-i WGSSec[281]: SI-4     = 65061C24F5204B73E040F90000AD002B2B2B2B2B2B2B2B
2016-10-21T10:52:15+00:00 phyFLEX-i WGSSec[281]: Client Message sent MsgType = 236
2016-10-21T10:52:25+00:00 phyFLEX-i WGSSec[281]:  WEXITSTATUS is 0 
2016-10-21T10:52:35+00:00 phyFLEX-i WGSSec[281]:  WEXITSTATUS is 0 
2016-10-21T10:52:45+00:00 phyFLEX-i WGSSec[281]:  WEXITSTATUS is 0 
2016-10-21T10:52:55+00:00 phyFLEX-i WGSSec[281]:  WEXITSTATUS is 0 
2016-10-21T10:53:05+00:00 phyFLEX-i WGSSec[281]:  WEXITSTATUS is 0 
2016-10-21T10:53:15+00:00 phyFLEX-i WGSSec[281]:  WEXITSTATUS is 0 
2016-10-21T10:53:18+00:00 phyFLEX-i WGSSec[281]:  calling FD_ISSET 
2016-10-21T10:53:18+00:00 phyFLEX-i WGSSec[281]: recvFromExternalSocketInterface called with recvFd = 5 
2016-10-21T10:53:18+00:00 phyFLEX-i WGSSec[281]: Client Message received MsgType = 801
2016-10-21T10:53:23+00:00 phyFLEX-i WGSSec[281]:  calling FD_ISSET 
2016-10-21T10:53:23+00:00 phyFLEX-i WGSSec[281]: recvFromExternalSocketInterface called with recvFd = 5 
2016-10-21T10:53:23+00:00 phyFLEX-i WGSSec[281]: Client Message received MsgType = 222
